Extracting data...
Transforming data...
Loading data...
✅ Data successfully loaded into PostgreSQL.
Loading data from DB for ML training...
Training model...
              precision    recall  f1-score   support

           0       1.00      1.00      1.00       320

    accuracy                           1.00       320
   macro avg       1.00      1.00      1.00       320
weighted avg       1.00      1.00      1.00       320

✅ Model saved as flight_delay_model.pkl
ETL + ML pipeline completed!
Extracting data...
Transforming data...
Loading data...
✅ Data successfully loaded into PostgreSQL.
Loading data from DB for ML training...
Training model...
              precision    recall  f1-score   support

           0       1.00      1.00      1.00       340

    accuracy                           1.00       340
   macro avg       1.00      1.00      1.00       340
weighted avg       1.00      1.00      1.00       340

✅ Model saved as flight_delay_model.pkl
ETL + ML pipeline completed!
Extracting data...
Transforming data...
Loading data...
✅ Data successfully loaded into PostgreSQL.
Loading data from DB for ML training...
Training model...
              precision    recall  f1-score   support

           0       1.00      1.00      1.00       360

    accuracy                           1.00       360
   macro avg       1.00      1.00      1.00       360
weighted avg       1.00      1.00      1.00       360

✅ Model saved as flight_delay_model.pkl
ETL + ML pipeline completed!
Extracting data...
Transforming data...
Loading data...
✅ Data successfully loaded into PostgreSQL.
Loading data from DB for ML training...
Training model...
              precision    recall  f1-score   support

           0       1.00      1.00      1.00       380

    accuracy                           1.00       380
   macro avg       1.00      1.00      1.00       380
weighted avg       1.00      1.00      1.00       380

✅ Model saved as flight_delay_model.pkl
ETL + ML pipeline completed!
